"../../../../Users/Kacper/Documents/GitHub/DES310_Project/Content/Assets/Audio/Footsteps_Grass_02.uasset" 0
"../../../../Users/Kacper/Documents/GitHub/DES310_Project/Content/Assets/Audio/Footstep_Wood_02.uasset" 1
"../../../Engine/Content/BasicShapes/BasicShapeMaterial.uasset" 2
"../../../Engine/Content/Functions/Engine_MaterialFunctions01/Opacity/CameraDepthFade.uasset" 3
"../../../Engine/Content/EngineMaterials/T_Default_Material_Grid_M.uasset" 4
"../../../Engine/Content/EngineMaterials/T_Default_Material_Grid_N.uasset" 5
"../../../Engine/Content/EngineMaterials/WorldGridMaterial.uasset" 6
"../../../Engine/Content/BasicShapes/Cube.uasset" 7
"../../../../Users/Kacper/Documents/GitHub/DES310_Project/Content/Assets/Blueprints/Interactables/InteractCharacter.uasset" 8
"../../../Engine/Content/EditorBlueprintResources/StandardMacros.uasset" 9
"../../../../Users/Kacper/Documents/GitHub/DES310_Project/Content/Assets/Blueprints/TopdownController.uasset" 10
"../../../../Users/Kacper/Documents/GitHub/DES310_Project/Content/Assets/Blueprints/TopDown.uasset" 11
"../../../../Users/Kacper/Documents/GitHub/DES310_Project/Content/Blueprints/InteractionInterface.uasset" 12
"../../../../Users/Kacper/Documents/GitHub/DES310_Project/Content/Assets/Blueprints/TriggerBox_Blueprint.uasset" 13
"../../../../Users/Kacper/Documents/GitHub/DES310_Project/Content/Assets/Blueprints/HUD_UI/BP_gameInstance.uasset" 14
"../../../../Users/Kacper/Documents/GitHub/DES310_Project/Content/Assets/Blueprints/character_Objects/characterTrack.uasset" 15
"../../../../Users/Kacper/Documents/GitHub/DES310_Project/Content/Assets/Audio/Footstep_Wood_01.uasset" 16
"../../../../Users/Kacper/Documents/GitHub/DES310_Project/Content/Assets/Audio/Footsteps_Grass_01.uasset" 17
"../../../../Users/Kacper/Documents/GitHub/DES310_Project/Content/Assets/Pictures/BerlinSansTextFont.uasset" 18
"../../../../Users/Kacper/Documents/GitHub/DES310_Project/Content/Assets/Pictures/BerlinSansTextFont_Font.uasset" 19
"../../../../Users/Kacper/Documents/GitHub/DES310_Project/Content/Assets/Blueprints/HUD_UI/BP_Pause.uasset" 20
"../../../../Users/Kacper/Documents/GitHub/DES310_Project/Content/Assets/Materials/MasterMaterials/Temp.uasset" 21
"../../../../Users/Kacper/Documents/GitHub/DES310_Project/Content/Assets/Meshes/CharacterMum01.uasset" 22
"../../../../Users/Kacper/Documents/GitHub/DES310_Project/Content/Assets/Blueprints/character_Objects/BP_MainCharacter.uasset" 23
"../../../../Users/Kacper/Documents/GitHub/DES310_Project/Content/Assets/Blueprints/HUD_UI/BP_widgetQA.uasset" 24
"../../../../Users/Kacper/Documents/GitHub/DES310_Project/Content/Assets/Blueprints/HUD_UI/QA_HUD.uasset" 25
"../../../../Users/Kacper/Documents/GitHub/DES310_Project/Content/Assets/Blueprints/Interactables/GrabInterface.uasset" 26
"../../../../Users/Kacper/Documents/GitHub/DES310_Project/Content/Assets/Blueprints/Interactables/InteractableObject.uasset" 27
"../../../../Users/Kacper/Documents/GitHub/DES310_Project/Content/Assets/Blueprints/Spirits/spiritTrack.uasset" 28
"../../../../Users/Kacper/Documents/GitHub/DES310_Project/Content/Assets/Materials/MasterMaterials/Glowies.uasset" 29
"../../../../Users/Kacper/Documents/GitHub/DES310_Project/Content/Assets/Materials/Glowies_Inst1.uasset" 30
"../../../Engine/Content/EngineMaterials/DefaultMaterial.uasset" 31
"../../../Engine/Content/BasicShapes/Sphere.uasset" 32
"../../../../Users/Kacper/Documents/GitHub/DES310_Project/Content/Assets/Blueprints/Spirits/SpiritYellow.uasset" 33
"../../../../Users/Kacper/Documents/GitHub/DES310_Project/Content/Assets/Greybox_assets/Greyscale_material.uasset" 34
"../../../../Users/Kacper/Documents/GitHub/DES310_Project/Content/Assets/Greybox_assets/Greybox_assets_fence.uasset" 35
"../../../../Users/Kacper/Documents/GitHub/DES310_Project/Content/Assets/Greybox_assets/Greybox_assets_VS_dock.uasset" 36
"../../../../Users/Kacper/Documents/GitHub/DES310_Project/Content/Assets/Greybox_assets/Greyscale_material_oak.uasset" 37
"../../../../Users/Kacper/Documents/GitHub/DES310_Project/Content/Assets/Greybox_assets/Greybox_assets_Tree_oak.uasset" 38
"../../../../Users/Kacper/Documents/GitHub/DES310_Project/Content/Assets/Greybox_assets/NewFoliageType_InstancedStaticMesh_birch.uasset" 39
"../../../../Users/Kacper/Documents/GitHub/DES310_Project/Content/Assets/Greybox_assets/NewFoliageType_InstancedStaticMesh_oak.uasset" 40
"../../../../Users/Kacper/Documents/GitHub/DES310_Project/Content/Assets/Greybox_assets/NewFoliageType_InstancedStaticMesh_sprouce1.uasset" 41
"../../../../Users/Kacper/Documents/GitHub/DES310_Project/Content/Assets/Greybox_assets/NewFoliageType_InstancedStaticMesh_sprouce2.uasset" 42
"../../../Engine/Content/EngineMaterials/BlendFunc_DefBase.uasset" 43
"../../../Engine/Content/EngineMaterials/BlendFunc_DefBlend.uasset" 44
"../../../Engine/Content/Functions/Engine_MaterialFunctions03/Blends/Blend_Screen.uasset" 45
"../../../../Users/Kacper/Documents/GitHub/DES310_Project/Content/Assets/Audio/AudioMaterials/Grass_PM.uasset" 46
"../../../../Users/Kacper/Documents/GitHub/DES310_Project/Content/Assets/Textures/rock_textures/Rock_bc.uasset" 47
"../../../../Users/Kacper/Documents/GitHub/DES310_Project/Content/Assets/Textures/rock_textures/Rock_n.uasset" 48
"../../../../Users/Kacper/Documents/GitHub/DES310_Project/Content/Assets/Textures/rock_textures/Rock_ORA.uasset" 49
"../../../../Users/Kacper/Documents/GitHub/DES310_Project/Content/Assets/Materials/MasterMaterials/Rock.uasset" 50
"../../../../Users/Kacper/Documents/GitHub/DES310_Project/Content/Assets/Materials/MasterMaterials/Rock_Inst.uasset" 51
"../../../../Users/Kacper/Documents/GitHub/DES310_Project/Content/Assets/Textures/rock_textures/crystal_bc.uasset" 52
"../../../../Users/Kacper/Documents/GitHub/DES310_Project/Content/Assets/Textures/rock_textures/crystal_mask.uasset" 53
"../../../../Users/Kacper/Documents/GitHub/DES310_Project/Content/Assets/Textures/rock_textures/crystal_n.uasset" 54
"../../../../Users/Kacper/Documents/GitHub/DES310_Project/Content/Assets/Textures/rock_textures/crystal_ore.uasset" 55
"../../../../Users/Kacper/Documents/GitHub/DES310_Project/Content/Assets/Materials/MasterMaterials/Crystal.uasset" 56
"../../../../Users/Kacper/Documents/GitHub/DES310_Project/Content/Assets/Materials/Crystal_InstBlue.uasset" 57
"../../../../Users/Kacper/Documents/GitHub/DES310_Project/Content/Assets/Meshes/Crystal_1.uasset" 58
"../../../../Users/Kacper/Documents/GitHub/DES310_Project/Content/Assets/Materials/Crystal_InstGreen.uasset" 59
"../../../../Users/Kacper/Documents/GitHub/DES310_Project/Content/Assets/Meshes/Crystal_2.uasset" 60
"../../../../Users/Kacper/Documents/GitHub/DES310_Project/Content/Assets/Materials/Crystal_InstRed.uasset" 61
"../../../../Users/Kacper/Documents/GitHub/DES310_Project/Content/Assets/Meshes/Crystal_3.uasset" 62
"../../../../Users/Kacper/Documents/GitHub/DES310_Project/Content/Assets/Materials/Crystal_InstMagenta.uasset" 63
"../../../../Users/Kacper/Documents/GitHub/DES310_Project/Content/Assets/Meshes/Crystal_5.uasset" 64
"../../../../Users/Kacper/Documents/GitHub/DES310_Project/Content/Assets/Textures/rock_textures/RhuneRock_02_bc.uasset" 65
"../../../../Users/Kacper/Documents/GitHub/DES310_Project/Content/Assets/Textures/rock_textures/RhuneRock_02_n.uasset" 66
"../../../../Users/Kacper/Documents/GitHub/DES310_Project/Content/Assets/Textures/rock_textures/RhuneRock_02_orm.uasset" 67
"../../../../Users/Kacper/Documents/GitHub/DES310_Project/Content/Assets/Materials/MasterMaterials/RhuneRock2.uasset" 68
"../../../../Users/Kacper/Documents/GitHub/DES310_Project/Content/Assets/Materials/RhuneRock2_Inst.uasset" 69
"../../../../Users/Kacper/Documents/GitHub/DES310_Project/Content/Assets/Meshes/RhuneRock_02.uasset" 70
"../../../../Users/Kacper/Documents/GitHub/DES310_Project/Content/Assets/Textures/rock_textures/RhuneRock_03_bc.uasset" 71
"../../../../Users/Kacper/Documents/GitHub/DES310_Project/Content/Assets/Textures/rock_textures/RhuneRock_03_n.uasset" 72
"../../../../Users/Kacper/Documents/GitHub/DES310_Project/Content/Assets/Textures/rock_textures/RhuneRock_03_ore.uasset" 73
"../../../../Users/Kacper/Documents/GitHub/DES310_Project/Content/Assets/Materials/MasterMaterials/RhuneRock3.uasset" 74
"../../../../Users/Kacper/Documents/GitHub/DES310_Project/Content/Assets/Materials/RhuneRock3_Inst.uasset" 75
"../../../../Users/Kacper/Documents/GitHub/DES310_Project/Content/Assets/Meshes/RhuneRock_03.uasset" 76
"../../../../Users/Kacper/Documents/GitHub/DES310_Project/Content/Assets/Meshes/SM_Cube.uasset" 77
"../../../Engine/Content/Functions/Engine_MaterialFunctions01/WorldPositionOffset/SimpleGrassWind.uasset" 78
"../../../Engine/Content/Functions/Engine_MaterialFunctions03/Blends/Blend_LinearDodge.uasset" 79
"../../../../Users/Kacper/Documents/GitHub/DES310_Project/Content/Assets/Textures/Flower_bc.uasset" 80
"../../../../Users/Kacper/Documents/GitHub/DES310_Project/Content/Assets/Textures/Flower_mask.uasset" 81
"../../../../Users/Kacper/Documents/GitHub/DES310_Project/Content/Assets/Textures/Flower_n.uasset" 82
"../../../../Users/Kacper/Documents/GitHub/DES310_Project/Content/Assets/Textures/Flower_ora.uasset" 83
"../../../../Users/Kacper/Documents/GitHub/DES310_Project/Content/Assets/Textures/leavesZoom_alpha.uasset" 84
"../../../../Users/Kacper/Documents/GitHub/DES310_Project/Content/Assets/Materials/MasterMaterials/Flower.uasset" 85
"../../../../Users/Kacper/Documents/GitHub/DES310_Project/Content/Assets/Materials/Flower_Inst.uasset" 86
"../../../../Users/Kacper/Documents/GitHub/DES310_Project/Content/Assets/Meshes/Plants/PlantFlowers.uasset" 87
"../../../../Users/Kacper/Documents/GitHub/DES310_Project/Content/Assets/Textures/PlantSheet01_bc.uasset" 88
"../../../../Users/Kacper/Documents/GitHub/DES310_Project/Content/Assets/Textures/PlantSheet01_n.uasset" 89
"../../../../Users/Kacper/Documents/GitHub/DES310_Project/Content/Assets/Textures/PlantSheet01_ora.uasset" 90
"../../../../Users/Kacper/Documents/GitHub/DES310_Project/Content/Assets/Materials/MasterMaterials/Plant.uasset" 91
"../../../../Users/Kacper/Documents/GitHub/DES310_Project/Content/Assets/Materials/Plant_dry.uasset" 92
"../../../../Users/Kacper/Documents/GitHub/DES310_Project/Content/Assets/Meshes/Plants/PlantTallGrass.uasset" 93
"../../../../Users/Kacper/Documents/GitHub/DES310_Project/Content/Assets/Pictures/2dCutscenes/TempOpening/TempOpenCut01.uasset" 94
"../../../../Users/Kacper/Documents/GitHub/DES310_Project/Content/Assets/Pictures/2dCutscenes/TempOpening/TempOpenCut02.uasset" 95
"../../../../Users/Kacper/Documents/GitHub/DES310_Project/Content/Assets/Pictures/2dCutscenes/TempOpening/TempOpenCut03.uasset" 96
"../../../../Users/Kacper/Documents/GitHub/DES310_Project/Content/Assets/Pictures/2dCutscenes/TempOpening/TempOpenCut04.uasset" 97
"../../../../Users/Kacper/Documents/GitHub/DES310_Project/Content/Assets/Pictures/2dCutscenes/TempOpening/TempOpenCut05.uasset" 98
"../../../../Users/Kacper/Documents/GitHub/DES310_Project/Content/Assets/Pictures/2dCutscenes/TempOpening/TempOpenCut06.uasset" 99
"../../../Engine/Content/Animation/DefaultAnimCurveCompressionSettings.uasset" 100
"../../../Engine/Content/ArtTools/RenderToTexture/Meshes/S_1_Unit_Plane.uasset" 101
"../../../Engine/Content/BasicShapes/Cylinder.uasset" 102
"../../../Engine/Content/EditorLandscapeResources/DataLayer.uasset" 103
"../../../Engine/Content/EditorMaterials/GizmoMaterial.uasset" 104
"../../../Engine/Content/EditorMaterials/MAT_Groups_Toggle.uasset" 105
"../../../Engine/Content/EditorMaterials/MAT_Groups_Visibility.uasset" 106
"../../../Engine/Content/EditorMaterials/PreviewShadowIndicator.uasset" 107
"../../../Engine/Content/EditorMaterials/PreviewShadowIndicatorMaterial.uasset" 108
"../../../Engine/Content/EditorMaterials/MatineeGroups/MAT_ColorTrack.uasset" 109
"../../../Engine/Content/EditorMaterials/MatineeGroups/MAT_Groups_Anim.uasset" 110
"../../../Engine/Content/EditorMaterials/MatineeGroups/MAT_Groups_AudioMaster.uasset" 111
"../../../Engine/Content/EditorMaterials/MatineeGroups/MAT_Groups_Director.uasset" 112
"../../../Engine/Content/EditorMaterials/MatineeGroups/MAT_Groups_Event.uasset" 113
"../../../Engine/Content/EditorMaterials/MatineeGroups/MAT_Groups_Fade.uasset" 114
"../../../Engine/Content/EditorMaterials/MatineeGroups/MAT_Groups_Float.uasset" 115
"../../../Engine/Content/EditorMaterials/MatineeGroups/MAT_Groups_Move.uasset" 116
"../../../Engine/Content/EditorMaterials/MatineeGroups/MAT_Groups_Slomo.uasset" 117
"../../../Engine/Content/EditorMaterials/MatineeGroups/MAT_Groups_Sound.uasset" 118
"../../../Engine/Content/EditorMaterials/MatineeGroups/MAT_Groups_Vector.uasset" 119
"../../../Engine/Content/EditorMaterials/ParticleSystems/PSysThumbnail_NoImage.uasset" 120
"../../../Engine/Content/EditorMaterials/ParticleSystems/PSysThumbnail_OOD.uasset" 121
"../../../Engine/Content/EditorMaterials/Camera/CineMat.uasset" 122
"../../../Engine/Content/EditorMaterials/Camera/MI_CineMat_Rig.uasset" 123
"../../../Engine/Content/EditorMeshes/Camera/SM_CraneRig_Arm.uasset" 124
"../../../Engine/Content/EditorMeshes/Camera/SM_CraneRig_Base.uasset" 125
"../../../Engine/Content/EditorMeshes/Camera/SM_CraneRig_Body.uasset" 126
"../../../Engine/Content/EditorMeshes/Camera/SM_CraneRig_Mount.uasset" 127
"../../../Engine/Content/EditorMeshes/Camera/SM_RailRig_Mount.uasset" 128
"../../../Engine/Content/EditorMeshes/Camera/SM_RailRig_Track.uasset" 129
"../../../Engine/Content/EditorResources/BSPVertex.uasset" 130
"../../../Engine/Content/EditorResources/EmptyActor.uasset" 131
"../../../Engine/Content/EditorResources/S_Actor.uasset" 132
"../../../Engine/Content/EditorResources/S_Note.uasset" 133
"../../../Engine/Content/EditorResources/S_Trigger.uasset" 134
"../../../Engine/Content/EditorResources/LightIcons/S_LightError.uasset" 135
"../../../Engine/Content/EditorResources/SequenceRecorder/Countdown.uasset" 136
"../../../Engine/Content/EditorResources/SequenceRecorder/RecordingIndicator.uasset" 137
"../../../Engine/Content/EditorSounds/Notifications/CompileFailed.uasset" 138
"../../../Engine/Content/EditorSounds/Notifications/CompileFailed_Cue.uasset" 139
"../../../Engine/Content/EditorSounds/Notifications/CompileSuccess.uasset" 140
"../../../Engine/Content/EditorSounds/Notifications/CompileStart_Cue.uasset" 141
"../../../Engine/Content/EditorSounds/Notifications/CompileSuccess_Cue.uasset" 142
"../../../Engine/Content/EngineDamageTypes/DmgTypeBP_Environmental.uasset" 143
"../../../Engine/Content/EngineDebugMaterials/HeatmapGradient.uasset" 144
"../../../Engine/Content/EngineDebugMaterials/BoneWeightMaterial.uasset" 145
"../../../Engine/Content/EngineDebugMaterials/ClothMaterial.uasset" 146
"../../../Engine/Content/EngineDebugMaterials/ClothMaterial_WF.uasset" 147
"../../../Engine/Content/EngineDebugMaterials/DebugEditorMaterial.uasset" 148
"../../../Engine/Content/EngineDebugMaterials/DebugMeshMaterial.uasset" 149
"../../../Engine/Content/EngineDebugMaterials/GeomMaterial.uasset" 150
"../../../Engine/Content/EngineDebugMaterials/M_SimpleTranslucent.uasset" 151
"../../../Engine/Content/EngineFonts/Faces/RobotoBold.uasset" 152
"../../../Engine/Content/EngineFonts/Faces/RobotoBoldItalic.uasset" 153
"../../../Engine/Content/EngineFonts/Faces/RobotoItalic.uasset" 154
"../../../Engine/Content/EngineFonts/Faces/RobotoLight.uasset" 155
"../../../Engine/Content/EngineFonts/Faces/RobotoRegular.uasset" 156
"../../../Engine/Content/EngineFonts/Roboto.uasset" 157
"../../../Engine/Content/EngineFonts/Faces/RobotoTiny.uasset" 158
"../../../Engine/Content/EngineFonts/RobotoTiny.uasset" 159
"../../../Engine/Content/EngineMaterials/BaseFlattenDiffuseMap.uasset" 160
"../../../Engine/Content/EngineMaterials/BaseFlattenEmissiveMap.uasset" 161
"../../../Engine/Content/EngineMaterials/BaseFlattenGrayscaleMap.uasset" 162
"../../../Engine/Content/EngineMaterials/BaseFlattenNormalMap.uasset" 163
"../../../Engine/Content/EngineMaterials/BaseFlattenMaterial.uasset" 164
"../../../Engine/Content/EngineMaterials/DefaultBloomKernel.uasset" 165
"../../../Engine/Content/EngineMaterials/DefaultBokeh.uasset" 166
"../../../Engine/Content/EngineMaterials/DefaultDiffuse.uasset" 167
"../../../Engine/Content/EngineMaterials/DefaultDeferredDecalMaterial.uasset" 168
"../../../Engine/Content/EngineMaterials/DefaultLightFunctionMaterial.uasset" 169
"../../../Engine/Content/Functions/Engine_MaterialFunctions02/Utility/BreakOutFloat2Components.uasset" 170
"../../../Engine/Content/EngineMaterials/DefaultPostProcessMaterial.uasset" 171
"../../../Engine/Content/EngineFonts/RobotoDistanceField.uasset" 172
"../../../Engine/Content/EngineMaterials/DefaultTextMaterialOpaque.uasset" 173
"../../../Engine/Content/EngineMaterials/DefaultWhiteGrid.uasset" 174
"../../../Engine/Content/EngineMaterials/EditorBrushMaterial.uasset" 175
"../../../Engine/Content/EngineMaterials/Good64x64TilingNoiseHighFreq.uasset" 176
"../../../Engine/Content/EngineMaterials/MiniFont.uasset" 177
"../../../Engine/Content/EngineMaterials/InvalidLightmapSettings.uasset" 178
"../../../Engine/Content/EngineMaterials/M_InvalidLightmapSettings.uasset" 179
"../../../Engine/Content/Functions/Engine_MaterialFunctions02/WorldPositionOffset/CameraOffset.uasset" 180
"../../../Engine/Content/EngineMaterials/PhAT_JointLimitMaterial.uasset" 181
"../../../Engine/Content/EngineMaterials/PreintegratedSkinBRDF.uasset" 182
"../../../Engine/Content/EngineMaterials/RemoveSurfaceMaterial.uasset" 183
"../../../Engine/Content/EngineMaterials/WeightMapPlaceholderTexture.uasset" 184
"../../../Engine/Content/EngineResources/WhiteSquareTexture.uasset" 185
"../../../Engine/Content/EngineMaterials/Widget3DPassThrough.uasset" 186
"../../../Engine/Content/EngineMaterials/Widget3DPassThrough_Masked.uasset" 187
"../../../Engine/Content/EngineMaterials/Widget3DPassThrough_Opaque.uasset" 188
"../../../Engine/Content/EngineMaterials/Widget3DPassThrough_Masked_OneSided.uasset" 189
"../../../Engine/Content/EngineMaterials/Widget3DPassThrough_Opaque_OneSided.uasset" 190
"../../../Engine/Content/EngineMaterials/Widget3DPassThrough_Translucent.uasset" 191
"../../../Engine/Content/EngineMaterials/Widget3DPassThrough_Translucent_OneSided.uasset" 192
"../../../Engine/Content/EngineMeshes/Cylinder.uasset" 193
"../../../Engine/Content/EngineMeshes/Sphere.uasset" 194
"../../../Engine/Content/EngineResources/Black.uasset" 195
"../../../Engine/Content/EngineResources/DefaultTexture.uasset" 196
"../../../Engine/Content/EngineResources/DefaultTextureCube.uasset" 197
"../../../Engine/Content/EngineResources/DefaultVolumeTexture2D.uasset" 198
"../../../Engine/Content/EngineResources/DefaultVolumeTexture.uasset" 199
"../../../Engine/Content/EngineResources/GradientTexture0.uasset" 200
"../../../Engine/Content/EngineSounds/Master.uasset" 201
"../../../Engine/Content/Functions/Engine_MaterialFunctions01/Shading/ConvertFromDiffSpec.uasset" 202
"../../../Engine/Content/Functions/Engine_MaterialFunctions01/Shading/PowerToRoughness.uasset" 203
"../../../Engine/Content/Maps/Templates/Thumbnails/Default.uasset" 204
"../../../Engine/Content/Maps/Templates/Thumbnails/VR-Basic.uasset" 205
"../../../Engine/Content/MobileResources/T_MobileControls_texture.uasset" 206
"../../../Engine/Content/MobileResources/T_MobileMenu2.uasset" 207
"../../../Engine/Content/MobileResources/HUD/AnalogHat.uasset" 208
"../../../Engine/Content/MobileResources/HUD/VirtualJoystick_Background.uasset" 209
"../../../Engine/Content/MobileResources/HUD/VirtualJoystick_Thumb.uasset" 210
"../../../Engine/Content/MobileResources/HUD/DefaultVirtualJoysticks.uasset" 211
"../../../Engine/Content/MobileResources/HUD/LeftVirtualJoystickOnly.uasset" 212
"../../../Engine/Content/MobileResources/HUD/MobileHUDButton1_off.uasset" 213
"../../../Engine/Content/MobileResources/HUD/MobileHUDButton1_on.uasset" 214
"../../../Engine/Content/MobileResources/HUD/MobileHUDButton2_off.uasset" 215
"../../../Engine/Content/MobileResources/HUD/MobileHUDButton2_on.uasset" 216
"../../../Engine/Content/MobileResources/HUD/MobileHUDButton3.uasset" 217
"../../../Engine/Content/MobileResources/HUD/MobileHUDButtonFire.uasset" 218
"../../../Engine/Content/MobileResources/HUD/MobileHUDDirectionPad.uasset" 219
"../../../Engine/Content/MobileResources/HUD/MobileHUDDirectionPad2.uasset" 220
"../../../Engine/Content/MobileResources/HUD/MobileHUDDirectionPad3.uasset" 221
"../../../Engine/Content/MobileResources/HUD/MobileHUDDirectionStick.uasset" 222
"../../../Engine/Content/MobileResources/HUD/T_Castle_ThumbstickInner.uasset" 223
"../../../Engine/Content/MobileResources/HUD/T_Castle_ThumbstickOutter.uasset" 224
"../../../Engine/Content/Tutorial/ContentIntroCurve.uasset" 225
"../../../Engine/Content/Tutorial/Basics/LevelEditorAttract.uasset" 226
"../../../Engine/Content/Tutorial/Basics/TutorialAssets/icon_tab_Levels_40x.uasset" 227
"../../../Engine/Content/Tutorial/Basics/LevelEditorOverview.uasset" 228
"../../../Engine/Content/VREditor/LaserPointer/VR_LaserPower_01.uasset" 229
"../../../Engine/Content/VREditor/TransformGizmo/TransformGizmoMaterial.uasset" 230
"../../../Engine/Content/VREditor/TransformGizmo/TranslucentTransformGizmoMaterial.uasset" 231
"../../../Engine/Content/VREditor/TransformGizmo/BoundingBoxCorner.uasset" 232
"../../../Engine/Content/VREditor/TransformGizmo/BoundingBoxEdge.uasset" 233
"../../../Engine/Content/VREditor/TransformGizmo/PlaneTranslationHandle.uasset" 234
"../../../Engine/Content/VREditor/TransformGizmo/Main.uasset" 235
"../../../Engine/Content/VREditor/TransformGizmo/Xray.uasset" 236
"../../../Engine/Content/VREditor/TransformGizmo/SM_Sequencer_Key.uasset" 237
"../../../Engine/Content/VREditor/TransformGizmo/SM_Sequencer_Node.uasset" 238
"../../Plugins/2D/Paper2D/Content/PlaceholderTextures/DummySpriteTexture.uasset" 239
"../../Plugins/2D/Paper2D/Content/DummySprite.uasset" 240
"../../Plugins/2D/Paper2D/Content/DefaultPaperTerrainMaterial.uasset" 241
"../../Plugins/2D/Paper2D/Content/DummySpriteTexture.uasset" 242
"../../Plugins/2D/Paper2D/Content/DefaultSpriteMaterial.uasset" 243
"../../Plugins/2D/Paper2D/Content/MaskedUnlitSpriteMaterial.uasset" 244
"../../Plugins/2D/Paper2D/Content/OpaqueUnlitSpriteMaterial.uasset" 245
"../../Plugins/Runtime/Oculus/OculusVR/Content/OculusMR_RenderTarget.uasset" 246
"../../../Engine/Content/Functions/Engine_MaterialFunctions02/Utility/BreakOutFloat4Components.uasset" 247
"../../../Engine/Content/Functions/Engine_MaterialFunctions02/Utility/MakeFloat2.uasset" 248
"../../../Engine/Content/Functions/Engine_MaterialFunctions02/Utility/MakeFloat3.uasset" 249
"../../Plugins/Runtime/Oculus/OculusVR/Content/Materials/OculusMR_ChromaKey.uasset" 250
"../../Plugins/Runtime/Oculus/OculusVR/Content/Materials/OculusMR_ChromaKey_Lit.uasset" 251
"../../Plugins/Runtime/Oculus/OculusVR/Content/Materials/OculusMR_OpaqueColoredMaterial.uasset" 252
"../../Plugins/Runtime/Oculus/OculusVR/Content/Materials/OculusMR_WhiteMaterial.uasset" 253
"../../Plugins/Runtime/Oculus/OculusVR/Content/Materials/PokeAHoleMaterial.uasset" 254
"../../Plugins/Runtime/Oculus/OculusVR/Content/Textures/GearVRController_AO.uasset" 255
"../../Plugins/Runtime/Oculus/OculusVR/Content/Textures/GearVRController_Color.uasset" 256
"../../Plugins/Runtime/Oculus/OculusVR/Content/Textures/GearVRController_Normal.uasset" 257
"../../Plugins/Runtime/Oculus/OculusVR/Content/Materials/GearVRControllerMaterial.uasset" 258
"../../Plugins/Runtime/Oculus/OculusVR/Content/Meshes/GearVrController.uasset" 259
"../../Plugins/Runtime/Oculus/OculusVR/Content/Textures/touchController_albedo.uasset" 260
"../../Plugins/Runtime/Oculus/OculusVR/Content/Textures/touchController_controlmap.uasset" 261
"../../Plugins/Runtime/Oculus/OculusVR/Content/Materials/touchController_mat.uasset" 262
"../../Plugins/Runtime/Oculus/OculusVR/Content/Meshes/LeftTouchController.uasset" 263
"../../Plugins/Runtime/Oculus/OculusVR/Content/Meshes/RiftHMD.uasset" 264
"../../Plugins/Runtime/Oculus/OculusVR/Content/Meshes/RightTouchController.uasset" 265
"../../../Engine/Content/Functions/Engine_MaterialFunctions02/Texturing/CustomRotator.uasset" 266
"../../../../Users/Kacper/Documents/GitHub/DES310_Project/Content/Assets/Textures/e_key.uasset" 267
"../../../../Users/Kacper/Documents/GitHub/DES310_Project/Content/Assets/Materials/key_e.uasset" 268
"../../../Engine/Content/BasicShapes/Plane.uasset" 269
"../../../../Users/Kacper/Documents/GitHub/DES310_Project/Content/Assets/Blueprints/Interactables/BagItemBP.uasset" 270
"../../../../Users/Kacper/Documents/GitHub/DES310_Project/Content/Assets/Blueprints/Interactables/ObjectInteractBox.uasset" 271
"../../../Engine/Content/EngineSky/C_Sky_Cloud_Color.uasset" 272
"../../../Engine/Content/EngineSky/C_Sky_Horizon_Color.uasset" 273
"../../../Engine/Content/EngineSky/C_Sky_Zenith_Color.uasset" 274
"../../../Engine/Content/EngineSky/T_Sky_Blue.uasset" 275
"../../../Engine/Content/EngineSky/T_Sky_Clouds_M.uasset" 276
"../../../Engine/Content/EngineSky/T_Sky_Stars.uasset" 277
"../../../Engine/Content/EngineSky/M_Sky_Panning_Clouds2.uasset" 278
"../../../Engine/Content/EngineSky/SM_SkySphere.uasset" 279
"../../../Engine/Content/EngineSky/BP_Sky_Sphere.uasset" 280
"../../../../Users/Kacper/Documents/GitHub/DES310_Project/Content/Assets/Blueprints/gameModes/BP_MainCharacter_Controller.uasset" 281
"../../../../Users/Kacper/Documents/GitHub/DES310_Project/Content/Assets/Blueprints/gameModes/BP_gameMode.uasset" 282
"../../../../Users/Kacper/Documents/GitHub/DES310_Project/Content/Assets/Greybox_assets/Greybox_assets_dystant_plane.uasset" 283
"../../../../Users/Kacper/Documents/GitHub/DES310_Project/Content/Assets/Greybox_assets/Greybox_assets_dystant_plane_foliege.uasset" 284
"../../../../Users/Kacper/Documents/GitHub/DES310_Project/Content/Assets/Textures/PlantSheet02__bc.uasset" 285
"../../../../Users/Kacper/Documents/GitHub/DES310_Project/Content/Assets/Textures/PlantSheet02__n.uasset" 286
"../../../../Users/Kacper/Documents/GitHub/DES310_Project/Content/Assets/Textures/PlantSheet02__ora.uasset" 287
"../../../../Users/Kacper/Documents/GitHub/DES310_Project/Content/Assets/Materials/MasterMaterials/Plant2.uasset" 288
"../../../../Users/Kacper/Documents/GitHub/DES310_Project/Content/Assets/Materials/Plant2_Inst.uasset" 289
"../../../../Users/Kacper/Documents/GitHub/DES310_Project/Content/Assets/Meshes/Plants/MossClover.uasset" 290
"../../../../Users/Kacper/Documents/GitHub/DES310_Project/Content/Assets/Meshes/Plants/MossCloverPlaced.uasset" 291
"../../../../Users/Kacper/Documents/GitHub/DES310_Project/Content/Assets/Meshes/Plants/MossGround.uasset" 292
"../../../../Users/Kacper/Documents/GitHub/DES310_Project/Content/Assets/Meshes/Plants/MossGroundPlanced.uasset" 293
"../../../../Users/Kacper/Documents/GitHub/DES310_Project/Content/Assets/Textures/Mushrooms__bc.uasset" 294
"../../../../Users/Kacper/Documents/GitHub/DES310_Project/Content/Assets/Textures/Mushrooms__n.uasset" 295
"../../../../Users/Kacper/Documents/GitHub/DES310_Project/Content/Assets/Textures/Mushrooms__ore.uasset" 296
"../../../../Users/Kacper/Documents/GitHub/DES310_Project/Content/Assets/Materials/MasterMaterials/Mushroom.uasset" 297
"../../../../Users/Kacper/Documents/GitHub/DES310_Project/Content/Assets/Materials/Mushroom_Inst.uasset" 298
"../../../../Users/Kacper/Documents/GitHub/DES310_Project/Content/Assets/Meshes/Plants/MushroomBrown.uasset" 299
"../../../../Users/Kacper/Documents/GitHub/DES310_Project/Content/Assets/Meshes/Plants/MushroomBrownPlaced.uasset" 300
"../../../../Users/Kacper/Documents/GitHub/DES310_Project/Content/Assets/Meshes/Plants/MushroomPoison.uasset" 301
"../../../../Users/Kacper/Documents/GitHub/DES310_Project/Content/Assets/Meshes/Plants/MushroomPoisonPlaced.uasset" 302
"../../../../Users/Kacper/Documents/GitHub/DES310_Project/Content/Assets/Meshes/Plants/MushroomYellow.uasset" 303
"../../../../Users/Kacper/Documents/GitHub/DES310_Project/Content/Assets/Meshes/Plants/MushroomYellowPlaced.uasset" 304
"../../../../Users/Kacper/Documents/GitHub/DES310_Project/Content/Assets/Materials/Plant_slow.uasset" 305
"../../../../Users/Kacper/Documents/GitHub/DES310_Project/Content/Assets/Meshes/Plants/PlantCattail.uasset" 306
"../../../../Users/Kacper/Documents/GitHub/DES310_Project/Content/Assets/Meshes/Plants/PlantCattailPlaced.uasset" 307
"../../../../Users/Kacper/Documents/GitHub/DES310_Project/Content/Assets/Meshes/Plants/PlantFern.uasset" 308
"../../../../Users/Kacper/Documents/GitHub/DES310_Project/Content/Assets/Meshes/Plants/PlantFernPlaced.uasset" 309
"../../../../Users/Kacper/Documents/GitHub/DES310_Project/Content/Assets/Meshes/Plants/PlantFernStriped.uasset" 310
"../../../../Users/Kacper/Documents/GitHub/DES310_Project/Content/Assets/Meshes/Plants/PlantFernStripedPlaced.uasset" 311
"../../../../Users/Kacper/Documents/GitHub/DES310_Project/Content/Assets/Materials/Plant_fast.uasset" 312
"../../../../Users/Kacper/Documents/GitHub/DES310_Project/Content/Assets/Meshes/Plants/PlantGrassClump.uasset" 313
"../../../../Users/Kacper/Documents/GitHub/DES310_Project/Content/Assets/Meshes/Plants/PlantGrassClumpPlaced.uasset" 314
"../../../../Users/Kacper/Documents/GitHub/DES310_Project/Content/Assets/Meshes/Plants/PlantLillyClump.uasset" 315
"../../../../Users/Kacper/Documents/GitHub/DES310_Project/Content/Assets/Meshes/Plants/PlantLillyClumpPlaced.uasset" 316
"../../../../Users/Kacper/Documents/GitHub/DES310_Project/Content/Assets/Meshes/Plants/PlantLillyTallGroup.uasset" 317
"../../../../Users/Kacper/Documents/GitHub/DES310_Project/Content/Assets/Meshes/Plants/PlantLillyTallGroupPlaced.uasset" 318
"../../../../Users/Kacper/Documents/GitHub/DES310_Project/Content/Assets/Materials/Plant_static.uasset" 319
"../../../../Users/Kacper/Documents/GitHub/DES310_Project/Content/Assets/Meshes/Plants/PlantSticksBirch.uasset" 320
"../../../../Users/Kacper/Documents/GitHub/DES310_Project/Content/Assets/Meshes/Plants/PlantSticksBirchPlaced.uasset" 321
"../../../../Users/Kacper/Documents/GitHub/DES310_Project/Content/Assets/Meshes/Plants/PlantSticks.uasset" 322
"../../../../Users/Kacper/Documents/GitHub/DES310_Project/Content/Assets/Meshes/Plants/PlantSticksPlaced.uasset" 323
"../../../../Users/Kacper/Documents/GitHub/DES310_Project/Content/Assets/Meshes/Plants/PlantTallGrassClump.uasset" 324
"../../../../Users/Kacper/Documents/GitHub/DES310_Project/Content/Assets/Meshes/Plants/PlantTallGrassClumpPlaced.uasset" 325
"../../../../Users/Kacper/Documents/GitHub/DES310_Project/Content/Assets/Meshes/Plants/PlantTallGrassClumplight.uasset" 326
"../../../../Users/Kacper/Documents/GitHub/DES310_Project/Content/Assets/Meshes/Plants/PlantTallGrassClumpPlacedGreen.uasset" 327
"../../../../Users/Kacper/Documents/GitHub/DES310_Project/Content/Assets/Landscape/Functions/Beach_LayerInfo.uasset" 328
"../../../../Users/Kacper/Documents/GitHub/DES310_Project/Content/Assets/Landscape/Functions/Cliff_LayerInfo.uasset" 329
"../../../../Users/Kacper/Documents/GitHub/DES310_Project/Content/Assets/Landscape/Functions/dirt-beach_LayerInfo.uasset" 330
"../../../../Users/Kacper/Documents/GitHub/DES310_Project/Content/Assets/Landscape/Functions/Dirt_LayerInfo.uasset" 331
"../../../../Users/Kacper/Documents/GitHub/DES310_Project/Content/Assets/Landscape/Functions/Grass_LayerInfo.uasset" 332
"../../../../Users/Kacper/Documents/GitHub/DES310_Project/Content/Assets/Landscape/Functions/Rock_LayerInfo.uasset" 333
"../../../../Users/Kacper/Documents/GitHub/DES310_Project/Content/Assets/Landscape/Functions/Rockcave_LayerInfo.uasset" 334
"../../../../Users/Kacper/Documents/GitHub/DES310_Project/Content/Assets/Landscape/Functions/Water_LayerInfo.uasset" 335
"../../../../Users/Kacper/Documents/GitHub/DES310_Project/Content/Levels/Gamelevel1_outside_house_BuiltData.uasset" 336
"../../../../Users/Kacper/Documents/GitHub/DES310_Project/Content/Assets/Landscape/Textures/Grass_BC.uasset" 337
"../../../../Users/Kacper/Documents/GitHub/DES310_Project/Content/Assets/Landscape/Textures/Grass_N.uasset" 338
"../../../../Users/Kacper/Documents/GitHub/DES310_Project/Content/Assets/Landscape/Textures/Grass_ORH.uasset" 339
"../../../../Users/Kacper/Documents/GitHub/DES310_Project/Content/Assets/Landscape/Functions/Grass_function.uasset" 340
"../../../../Users/Kacper/Documents/GitHub/DES310_Project/Content/Assets/Landscape/Textures/water_high_BC.uasset" 341
"../../../../Users/Kacper/Documents/GitHub/DES310_Project/Content/Assets/Landscape/Textures/water_high_N.uasset" 342
"../../../../Users/Kacper/Documents/GitHub/DES310_Project/Content/Assets/Landscape/Textures/water_high_ORH.uasset" 343
"../../../../Users/Kacper/Documents/GitHub/DES310_Project/Content/Assets/Landscape/Functions/Water_function.uasset" 344
"../../../../Users/Kacper/Documents/GitHub/DES310_Project/Content/Assets/Landscape/Dystant_plane_material.uasset" 345
"../../../../Users/Kacper/Documents/GitHub/DES310_Project/Content/Assets/Landscape/Dystant_plane_material_Inst.uasset" 346
"../../../Engine/Content/Functions/Engine_MaterialFunctions03/Blends/Blend_Overlay.uasset" 347
"../../../../Users/Kacper/Documents/GitHub/DES310_Project/Content/Assets/Landscape/Textures/beach_BC.uasset" 348
"../../../../Users/Kacper/Documents/GitHub/DES310_Project/Content/Assets/Landscape/Textures/beach_N.uasset" 349
"../../../../Users/Kacper/Documents/GitHub/DES310_Project/Content/Assets/Landscape/Textures/beach_ORH.uasset" 350
"../../../../Users/Kacper/Documents/GitHub/DES310_Project/Content/Assets/Landscape/Functions/Beach_function.uasset" 351
"../../../../Users/Kacper/Documents/GitHub/DES310_Project/Content/Assets/Landscape/Textures/cliff_BC.uasset" 352
"../../../../Users/Kacper/Documents/GitHub/DES310_Project/Content/Assets/Landscape/Textures/cliff_N.uasset" 353
"../../../../Users/Kacper/Documents/GitHub/DES310_Project/Content/Assets/Landscape/Textures/cliff_ORH.uasset" 354
"../../../../Users/Kacper/Documents/GitHub/DES310_Project/Content/Assets/Landscape/Functions/cliff_function.uasset" 355
"../../../../Users/Kacper/Documents/GitHub/DES310_Project/Content/Assets/Landscape/Textures/dirt-beach_BC.uasset" 356
"../../../../Users/Kacper/Documents/GitHub/DES310_Project/Content/Assets/Landscape/Textures/dirt-beach_N.uasset" 357
"../../../../Users/Kacper/Documents/GitHub/DES310_Project/Content/Assets/Landscape/Textures/dirt-beach_ORH.uasset" 358
"../../../../Users/Kacper/Documents/GitHub/DES310_Project/Content/Assets/Landscape/Functions/dirt-beach.uasset" 359
"../../../../Users/Kacper/Documents/GitHub/DES310_Project/Content/Assets/Landscape/Textures/Dirt_BC.uasset" 360
"../../../../Users/Kacper/Documents/GitHub/DES310_Project/Content/Assets/Landscape/Textures/Dirt_N.uasset" 361
"../../../../Users/Kacper/Documents/GitHub/DES310_Project/Content/Assets/Landscape/Textures/Dirt_ORH.uasset" 362
"../../../../Users/Kacper/Documents/GitHub/DES310_Project/Content/Assets/Landscape/Functions/Dirt_function.uasset" 363
"../../../../Users/Kacper/Documents/GitHub/DES310_Project/Content/Assets/Landscape/Textures/rock_BC.uasset" 364
"../../../../Users/Kacper/Documents/GitHub/DES310_Project/Content/Assets/Landscape/Textures/rock_N.uasset" 365
"../../../../Users/Kacper/Documents/GitHub/DES310_Project/Content/Assets/Landscape/Textures/rock_ORH.uasset" 366
"../../../../Users/Kacper/Documents/GitHub/DES310_Project/Content/Assets/Landscape/Functions/Rock_function.uasset" 367
"../../../../Users/Kacper/Documents/GitHub/DES310_Project/Content/Assets/Landscape/Textures/rock_cave_BC.uasset" 368
"../../../../Users/Kacper/Documents/GitHub/DES310_Project/Content/Assets/Landscape/Textures/rock_cave_N.uasset" 369
"../../../../Users/Kacper/Documents/GitHub/DES310_Project/Content/Assets/Landscape/Textures/rock_cave_ORH.uasset" 370
"../../../../Users/Kacper/Documents/GitHub/DES310_Project/Content/Assets/Landscape/Functions/Rockcave_function.uasset" 371
"../../../../Users/Kacper/Documents/GitHub/DES310_Project/Content/Assets/Landscape/Landscape_material_01.uasset" 372
"../../../../Users/Kacper/Documents/GitHub/DES310_Project/Content/Assets/Landscape/Landscape_material_01_Level1.uasset" 373
"../../../../Users/Kacper/Documents/GitHub/DES310_Project/Content/Assets/Textures/tree_textures/leaf_alpha.uasset" 374
"../../../../Users/Kacper/Documents/GitHub/DES310_Project/Content/Assets/Textures/tree_textures/leaf_alpha2.uasset" 375
"../../../../Users/Kacper/Documents/GitHub/DES310_Project/Content/Assets/Materials/MasterMaterials/Bush.uasset" 376
"../../../../Users/Kacper/Documents/GitHub/DES310_Project/Content/Assets/Materials/Bush_Inst.uasset" 377
"../../../../Users/Kacper/Documents/GitHub/DES310_Project/Content/Assets/Materials/Bush_Inst2.uasset" 378
"../../../../Users/Kacper/Documents/GitHub/DES310_Project/Content/Assets/Materials/Bush_Inst3.uasset" 379
"../../../../Users/Kacper/Documents/GitHub/DES310_Project/Content/Assets/Materials/Bush_Inst4.uasset" 380
"../../../../Users/Kacper/Documents/GitHub/DES310_Project/Content/Assets/Materials/Glowies_Inst.uasset" 381
"../../../../Users/Kacper/Documents/GitHub/DES310_Project/Content/Assets/Textures/tree_textures/leaves_alpha.uasset" 382
"../../../../Users/Kacper/Documents/GitHub/DES310_Project/Content/Assets/Materials/MasterMaterials/leaf_body_mat.uasset" 383
"../../../../Users/Kacper/Documents/GitHub/DES310_Project/Content/Assets/Materials/leaf_body_mat_birch1.uasset" 384
"../../../../Users/Kacper/Documents/GitHub/DES310_Project/Content/Assets/Materials/leaf_body_mat_birch2.uasset" 385
"../../../../Users/Kacper/Documents/GitHub/DES310_Project/Content/Assets/Materials/leaf_body_mat_birch3.uasset" 386
"../../../../Users/Kacper/Documents/GitHub/DES310_Project/Content/Assets/Materials/leaf_body_mat_oak2.uasset" 387
"../../../../Users/Kacper/Documents/GitHub/DES310_Project/Content/Assets/Audio/AudioMaterials/Wood_PM.uasset" 388
"../../../../Users/Kacper/Documents/GitHub/DES310_Project/Content/Assets/Materials/leaf_body_mat_oak3.uasset" 389
"../../../../Users/Kacper/Documents/GitHub/DES310_Project/Content/Assets/Materials/MasterMaterials/leaf_individual_mat.uasset" 390
"../../../../Users/Kacper/Documents/GitHub/DES310_Project/Content/Assets/Materials/leaf_individual_mat_birch1.uasset" 391
"../../../../Users/Kacper/Documents/GitHub/DES310_Project/Content/Assets/Materials/leaf_individual_mat_birch2.uasset" 392
"../../../../Users/Kacper/Documents/GitHub/DES310_Project/Content/Assets/Materials/leaf_individual_mat_birch3.uasset" 393
"../../../../Users/Kacper/Documents/GitHub/DES310_Project/Content/Assets/Materials/leaf_individual_mat_oak2.uasset" 394
"../../../../Users/Kacper/Documents/GitHub/DES310_Project/Content/Assets/Materials/leaf_individual_mat_oak3.uasset" 395
"../../../../Users/Kacper/Documents/GitHub/DES310_Project/Content/Assets/Textures/tree_textures/OakBirch_bc.uasset" 396
"../../../../Users/Kacper/Documents/GitHub/DES310_Project/Content/Assets/Textures/tree_textures/OakBirch_n.uasset" 397
"../../../../Users/Kacper/Documents/GitHub/DES310_Project/Content/Assets/Textures/tree_textures/OakBirch_ore.uasset" 398
"../../../../Users/Kacper/Documents/GitHub/DES310_Project/Content/Assets/Materials/MasterMaterials/Oakbirch.uasset" 399
"../../../../Users/Kacper/Documents/GitHub/DES310_Project/Content/Assets/Materials/Oakbirch_birch1.uasset" 400
"../../../../Users/Kacper/Documents/GitHub/DES310_Project/Content/Assets/Materials/Oakbirch_birch2.uasset" 401
"../../../../Users/Kacper/Documents/GitHub/DES310_Project/Content/Assets/Materials/Oakbirch_oak1.uasset" 402
"../../../../Users/Kacper/Documents/GitHub/DES310_Project/Content/Assets/Materials/Oakbirch_oak2.uasset" 403
"../../../../Users/Kacper/Documents/GitHub/DES310_Project/Content/Assets/Textures/road_village_path_BC.uasset" 404
"../../../../Users/Kacper/Documents/GitHub/DES310_Project/Content/Assets/Textures/road_village_path_N.uasset" 405
"../../../../Users/Kacper/Documents/GitHub/DES310_Project/Content/Assets/Textures/road_village_path_ORH.uasset" 406
"../../../../Users/Kacper/Documents/GitHub/DES310_Project/Content/Assets/Materials/MasterMaterials/Road_village_path_material.uasset" 407
"../../../../Users/Kacper/Documents/GitHub/DES310_Project/Content/Assets/Materials/Road_village_path_material_Inst.uasset" 408
"../../../../Users/Kacper/Documents/GitHub/DES310_Project/Content/Assets/Materials/Rock_Inst1.uasset" 409
"../../../../Users/Kacper/Documents/GitHub/DES310_Project/Content/Assets/Materials/Rock_Inst1_Inst2.uasset" 410
"../../../../Users/Kacper/Documents/GitHub/DES310_Project/Content/Assets/Textures/tree_textures/Stump1Bridge1_bc.uasset" 411
"../../../../Users/Kacper/Documents/GitHub/DES310_Project/Content/Assets/Textures/tree_textures/Stump1Bridge1_n.uasset" 412
"../../../../Users/Kacper/Documents/GitHub/DES310_Project/Content/Assets/Textures/tree_textures/Stump1Bridge1_orm.uasset" 413
"../../../../Users/Kacper/Documents/GitHub/DES310_Project/Content/Assets/Materials/MasterMaterials/Stump1bridge1.uasset" 414
"../../../../Users/Kacper/Documents/GitHub/DES310_Project/Content/Assets/Materials/RootBirch_Inst1.uasset" 415
"../../../Engine/Content/EngineMaterials/DefaultPhysicalMaterial.uasset" 416
"../../../../Users/Kacper/Documents/GitHub/DES310_Project/Content/Assets/Greybox_assets/Greybox_assets_Dystant_mountain.uasset" 417
"../../../../Users/Kacper/Documents/GitHub/DES310_Project/Content/Assets/Greybox_assets/Greybox_assets_house1_platform.uasset" 418
"../../../../Users/Kacper/Documents/GitHub/DES310_Project/Content/Assets/Greybox_assets/Greyscale_material_sprouce1.uasset" 419
"../../../../Users/Kacper/Documents/GitHub/DES310_Project/Content/Assets/Greybox_assets/Greyscale_material_sprouce2.uasset" 420
"../../../../Users/Kacper/Documents/GitHub/DES310_Project/Content/Assets/Greybox_assets/Greyscale_material_rock.uasset" 421
"../../../../Users/Kacper/Documents/GitHub/DES310_Project/Content/Assets/Greybox_assets/Greybox_assets_rock.uasset" 422
"../../../../Users/Kacper/Documents/GitHub/DES310_Project/Content/Assets/Greybox_assets/Greybox_assets_ruins_portal.uasset" 423
"../../../../Users/Kacper/Documents/GitHub/DES310_Project/Content/Assets/Greybox_assets/Greyscale_material_birch.uasset" 424
"../../../../Users/Kacper/Documents/GitHub/DES310_Project/Content/Assets/Greybox_assets/Greybox_assets_Tree_Birch.uasset" 425
"../../../../Users/Kacper/Documents/GitHub/DES310_Project/Content/Assets/Greybox_assets/Greybox_assets_Tree_sprouce1.uasset" 426
"../../../../Users/Kacper/Documents/GitHub/DES310_Project/Content/Assets/Textures/rock_textures/Cliff_bc.uasset" 427
"../../../../Users/Kacper/Documents/GitHub/DES310_Project/Content/Assets/Textures/rock_textures/Cliff_n.uasset" 428
"../../../../Users/Kacper/Documents/GitHub/DES310_Project/Content/Assets/Textures/rock_textures/Cliff_orm.uasset" 429
"../../../../Users/Kacper/Documents/GitHub/DES310_Project/Content/Assets/Materials/MasterMaterials/Cliff.uasset" 430
"../../../../Users/Kacper/Documents/GitHub/DES310_Project/Content/Assets/Materials/Cliff_Inst.uasset" 431
"../../../../Users/Kacper/Documents/GitHub/DES310_Project/Content/Assets/Meshes/Cliff_01.uasset" 432
"../../../../Users/Kacper/Documents/GitHub/DES310_Project/Content/Assets/Meshes/Cliff_02.uasset" 433
"../../../../Users/Kacper/Documents/GitHub/DES310_Project/Content/Assets/Materials/Crystal_InstYellow.uasset" 434
"../../../../Users/Kacper/Documents/GitHub/DES310_Project/Content/Assets/Meshes/Crystal_4.uasset" 435
"../../../../Users/Kacper/Documents/GitHub/DES310_Project/Content/Assets/Meshes/dystant_plane.uasset" 436
"../../../../Users/Kacper/Documents/GitHub/DES310_Project/Content/Assets/Textures/village_tilesheet_bc.uasset" 437
"../../../../Users/Kacper/Documents/GitHub/DES310_Project/Content/Assets/Textures/village_tilesheet_n.uasset" 438
"../../../../Users/Kacper/Documents/GitHub/DES310_Project/Content/Assets/Textures/village_tilesheet_ORE.uasset" 439
"../../../../Users/Kacper/Documents/GitHub/DES310_Project/Content/Assets/Materials/MasterMaterials/Villagetrim.uasset" 440
"../../../../Users/Kacper/Documents/GitHub/DES310_Project/Content/Assets/Materials/Villagetrim_fence.uasset" 441
"../../../../Users/Kacper/Documents/GitHub/DES310_Project/Content/Assets/Meshes/fence.uasset" 442
"../../../../Users/Kacper/Documents/GitHub/DES310_Project/Content/Assets/Meshes/fence_pole.uasset" 443
"../../../../Users/Kacper/Documents/GitHub/DES310_Project/Content/Assets/Textures/rock_textures/RockFormation1_bc.uasset" 444
"../../../../Users/Kacper/Documents/GitHub/DES310_Project/Content/Assets/Textures/rock_textures/RockFormation1_n.uasset" 445
"../../../../Users/Kacper/Documents/GitHub/DES310_Project/Content/Assets/Textures/rock_textures/RockFormation1_orm.uasset" 446
"../../../../Users/Kacper/Documents/GitHub/DES310_Project/Content/Assets/Materials/MasterMaterials/RockFormation1.uasset" 447
"../../../../Users/Kacper/Documents/GitHub/DES310_Project/Content/Assets/Materials/RockFormation1_Inst.uasset" 448
"../../../../Users/Kacper/Documents/GitHub/DES310_Project/Content/Assets/Meshes/Formation_01.uasset" 449
"../../../../Users/Kacper/Documents/GitHub/DES310_Project/Content/Assets/Textures/rock_textures/RockFormation2_bc.uasset" 450
"../../../../Users/Kacper/Documents/GitHub/DES310_Project/Content/Assets/Textures/rock_textures/RockFormation2_default_orm.uasset" 451
"../../../../Users/Kacper/Documents/GitHub/DES310_Project/Content/Assets/Textures/rock_textures/RockFormation2_n.uasset" 452
"../../../../Users/Kacper/Documents/GitHub/DES310_Project/Content/Assets/Materials/MasterMaterials/RockFormation2.uasset" 453
"../../../../Users/Kacper/Documents/GitHub/DES310_Project/Content/Assets/Materials/RockFormation2_Inst.uasset" 454
"../../../../Users/Kacper/Documents/GitHub/DES310_Project/Content/Assets/Meshes/Formation_02.uasset" 455
"../../../../Users/Kacper/Documents/GitHub/DES310_Project/Content/Assets/Materials/Villagetrim_hut.uasset" 456
"../../../../Users/Kacper/Documents/GitHub/DES310_Project/Content/Assets/Materials/Villagetrim_roof.uasset" 457
"../../../../Users/Kacper/Documents/GitHub/DES310_Project/Content/Assets/Meshes/Hut1.uasset" 458
"../../../../Users/Kacper/Documents/GitHub/DES310_Project/Content/Assets/Meshes/Hut2.uasset" 459
"../../../../Users/Kacper/Documents/GitHub/DES310_Project/Content/Assets/Meshes/HutDoor.uasset" 460
"../../../../Users/Kacper/Documents/GitHub/DES310_Project/Content/Assets/Meshes/HutWindow1.uasset" 461
"../../../../Users/Kacper/Documents/GitHub/DES310_Project/Content/Assets/Meshes/HutWindow2.uasset" 462
"../../../../Users/Kacper/Documents/GitHub/DES310_Project/Content/Assets/Materials/bridge1_Inst.uasset" 463
"../../../../Users/Kacper/Documents/GitHub/DES310_Project/Content/Assets/Meshes/PlantBush.uasset" 464
"../../../../Users/Kacper/Documents/GitHub/DES310_Project/Content/Assets/Materials/Berry.uasset" 465
"../../../../Users/Kacper/Documents/GitHub/DES310_Project/Content/Assets/Meshes/PlantBushBerry.uasset" 466
"../../../../Users/Kacper/Documents/GitHub/DES310_Project/Content/Assets/Meshes/Plants/Mosstop.uasset" 467
"../../../../Users/Kacper/Documents/GitHub/DES310_Project/Content/Assets/Meshes/Plants/MossTree.uasset" 468
"../../../../Users/Kacper/Documents/GitHub/DES310_Project/Content/Assets/Materials/Mushroom_tree.uasset" 469
"../../../../Users/Kacper/Documents/GitHub/DES310_Project/Content/Assets/Meshes/Plants/MushroomTree.uasset" 470
"../../../../Users/Kacper/Documents/GitHub/DES310_Project/Content/Assets/Meshes/Plants/PlantBerry.uasset" 471
"../../../../Users/Kacper/Documents/GitHub/DES310_Project/Content/Assets/Meshes/Plants/PlantGrass.uasset" 472
"../../../../Users/Kacper/Documents/GitHub/DES310_Project/Content/Assets/Meshes/Plants/PlantLilly.uasset" 473
"../../../../Users/Kacper/Documents/GitHub/DES310_Project/Content/Assets/Meshes/Plants/PlantLillyFlower.uasset" 474
"../../../../Users/Kacper/Documents/GitHub/DES310_Project/Content/Assets/Meshes/Plants/PlantLillyTall.uasset" 475
"../../../../Users/Kacper/Documents/GitHub/DES310_Project/Content/Assets/Textures/rock_textures/RhuneRock1_bc.uasset" 476
"../../../../Users/Kacper/Documents/GitHub/DES310_Project/Content/Assets/Textures/rock_textures/RhuneRock1_n.uasset" 477
"../../../../Users/Kacper/Documents/GitHub/DES310_Project/Content/Assets/Textures/rock_textures/RhuneRock1_orm.uasset" 478
"../../../../Users/Kacper/Documents/GitHub/DES310_Project/Content/Assets/Textures/runerock01_alpha.uasset" 479
"../../../../Users/Kacper/Documents/GitHub/DES310_Project/Content/Assets/Materials/MasterMaterials/RhuneRock1.uasset" 480
"../../../../Users/Kacper/Documents/GitHub/DES310_Project/Content/Assets/Materials/RhuneRock1_Inst.uasset" 481
"../../../../Users/Kacper/Documents/GitHub/DES310_Project/Content/Assets/Meshes/RhuneRock_01.uasset" 482
"../../../Engine/Content/Functions/Engine_MaterialFunctions02/Utility/VectorLength.uasset" 483
"../../../../Users/Kacper/Documents/GitHub/DES310_Project/Content/Assets/Textures/road_stone_tiles_BC.uasset" 484
"../../../../Users/Kacper/Documents/GitHub/DES310_Project/Content/Assets/Textures/road_stone_tiles_N.uasset" 485
"../../../../Users/Kacper/Documents/GitHub/DES310_Project/Content/Assets/Textures/road_stone_tiles_ORH.uasset" 486
"../../../../Users/Kacper/Documents/GitHub/DES310_Project/Content/Assets/Materials/MasterMaterials/Road_stone_tiles_material.uasset" 487
"../../../../Users/Kacper/Documents/GitHub/DES310_Project/Content/Assets/Materials/Road_stone_tiles_material_Inst.uasset" 488
"../../../../Users/Kacper/Documents/GitHub/DES310_Project/Content/Assets/Meshes/Road_stone_tiles.uasset" 489
"../../../../Users/Kacper/Documents/GitHub/DES310_Project/Content/Assets/Meshes/Road_village_path.uasset" 490
"../../../../Users/Kacper/Documents/GitHub/DES310_Project/Content/Assets/Meshes/Rock1.uasset" 491
"../../../../Users/Kacper/Documents/GitHub/DES310_Project/Content/Assets/Meshes/Rock2.uasset" 492
"../../../../Users/Kacper/Documents/GitHub/DES310_Project/Content/Assets/Meshes/Rock3.uasset" 493
"../../../../Users/Kacper/Documents/GitHub/DES310_Project/Content/Assets/Meshes/Rock4.uasset" 494
"../../../../Users/Kacper/Documents/GitHub/DES310_Project/Content/Assets/Textures/rock_textures/Rockplatform_bc.uasset" 495
"../../../../Users/Kacper/Documents/GitHub/DES310_Project/Content/Assets/Textures/rock_textures/Rockplatform_n.uasset" 496
"../../../../Users/Kacper/Documents/GitHub/DES310_Project/Content/Assets/Textures/rock_textures/Rockplatform_ORE.uasset" 497
"../../../../Users/Kacper/Documents/GitHub/DES310_Project/Content/Assets/Materials/MasterMaterials/RockPlatform.uasset" 498
"../../../../Users/Kacper/Documents/GitHub/DES310_Project/Content/Assets/Materials/RockPlatform_Inst.uasset" 499
"../../../../Users/Kacper/Documents/GitHub/DES310_Project/Content/Assets/Meshes/RockPlatform_01.uasset" 500
"../../../../Users/Kacper/Documents/GitHub/DES310_Project/Content/Assets/Meshes/RockPlatform_Formation_01.uasset" 501
"../../../../Users/Kacper/Documents/GitHub/DES310_Project/Content/Assets/Materials/Villagetrim_stone_fence.uasset" 502
"../../../../Users/Kacper/Documents/GitHub/DES310_Project/Content/Assets/Meshes/stone_wall.uasset" 503
"../../../../Users/Kacper/Documents/GitHub/DES310_Project/Content/Assets/Meshes/Tree_Birch.uasset" 504
"../../../../Users/Kacper/Documents/GitHub/DES310_Project/Content/Assets/Textures/tree_textures/Sprouce1Log1_bc.uasset" 505
"../../../../Users/Kacper/Documents/GitHub/DES310_Project/Content/Assets/Textures/tree_textures/Sprouce1Log1_n.uasset" 506
"../../../../Users/Kacper/Documents/GitHub/DES310_Project/Content/Assets/Textures/tree_textures/Sprouce1Log1_orm.uasset" 507
"../../../../Users/Kacper/Documents/GitHub/DES310_Project/Content/Assets/Materials/MasterMaterials/Sprouce1log1.uasset" 508
"../../../../Users/Kacper/Documents/GitHub/DES310_Project/Content/Assets/Materials/log1_inst.uasset" 509
"../../../../Users/Kacper/Documents/GitHub/DES310_Project/Content/Assets/Meshes/Tree_Log.uasset" 510
"../../../../Users/Kacper/Documents/GitHub/DES310_Project/Content/Assets/Materials/leaf_body_mat_oak1.uasset" 511
"../../../../Users/Kacper/Documents/GitHub/DES310_Project/Content/Assets/Materials/leaf_individual_mat_oak1.uasset" 512
"../../../../Users/Kacper/Documents/GitHub/DES310_Project/Content/Assets/Meshes/Tree_Oak.uasset" 513
"../../../../Users/Kacper/Documents/GitHub/DES310_Project/Content/Assets/Materials/RootOak_Inst1.uasset" 514
"../../../../Users/Kacper/Documents/GitHub/DES310_Project/Content/Assets/Meshes/Tree_Root.uasset" 515
"../../../../Users/Kacper/Documents/GitHub/DES310_Project/Content/Assets/Materials/Sprouce1_Inst.uasset" 516
"../../../../Users/Kacper/Documents/GitHub/DES310_Project/Content/Assets/Textures/tree_textures/sprouce_n.uasset" 517
"../../../../Users/Kacper/Documents/GitHub/DES310_Project/Content/Assets/Textures/tree_textures/sprouce_oma.uasset" 518
"../../../../Users/Kacper/Documents/GitHub/DES310_Project/Content/Assets/Materials/MasterMaterials/sprouceleaf.uasset" 519
"../../../../Users/Kacper/Documents/GitHub/DES310_Project/Content/Assets/Materials/sprouceleaf_Inst.uasset" 520
"../../../../Users/Kacper/Documents/GitHub/DES310_Project/Content/Assets/Meshes/Tree_Sprouce1.uasset" 521
"../../../../Users/Kacper/Documents/GitHub/DES310_Project/Content/Assets/Textures/tree_textures/Sprouce2_bc.uasset" 522
"../../../../Users/Kacper/Documents/GitHub/DES310_Project/Content/Assets/Textures/tree_textures/Sprouce2_n.uasset" 523
"../../../../Users/Kacper/Documents/GitHub/DES310_Project/Content/Assets/Textures/tree_textures/Sprouce2_orm.uasset" 524
"../../../../Users/Kacper/Documents/GitHub/DES310_Project/Content/Assets/Materials/MasterMaterials/sprouce2.uasset" 525
"../../../../Users/Kacper/Documents/GitHub/DES310_Project/Content/Assets/Materials/sprouce2_Inst.uasset" 526
"../../../../Users/Kacper/Documents/GitHub/DES310_Project/Content/Assets/Meshes/Tree_Sprouce2.uasset" 527
"../../../../Users/Kacper/Documents/GitHub/DES310_Project/Content/Assets/Materials/stump1_Inst.uasset" 528
"../../../../Users/Kacper/Documents/GitHub/DES310_Project/Content/Assets/Meshes/Tree_Stump.uasset" 529
"../../../../Users/Kacper/Documents/GitHub/DES310_Project/Content/Assets/Meshes/VillageBarrel.uasset" 530
"../../../../Users/Kacper/Documents/GitHub/DES310_Project/Content/Assets/Meshes/VillageBucket.uasset" 531
"../../../../Users/Kacper/Documents/GitHub/DES310_Project/Content/Assets/Meshes/VillageDock.uasset" 532
"../../../../Users/Kacper/Documents/GitHub/DES310_Project/Content/Assets/Materials/MasterMaterials/VillageGlass.uasset" 533
"../../../../Users/Kacper/Documents/GitHub/DES310_Project/Content/Assets/Materials/VillageGlass_Inst.uasset" 534
"../../../../Users/Kacper/Documents/GitHub/DES310_Project/Content/Assets/Textures/VillageLampGlowiesA.uasset" 535
"../../../../Users/Kacper/Documents/GitHub/DES310_Project/Content/Assets/Materials/MasterMaterials/VillageLampGlowies.uasset" 536
"../../../../Users/Kacper/Documents/GitHub/DES310_Project/Content/Assets/Materials/VillageLampGlowies_Inst.uasset" 537
"../../../../Users/Kacper/Documents/GitHub/DES310_Project/Content/Assets/Meshes/VillageLamp.uasset" 538
"../../../../Users/Kacper/Documents/GitHub/DES310_Project/Content/Assets/Meshes/VillageWell.uasset" 539
"../../../../Users/Kacper/Documents/GitHub/DES310_Project/Content/Levels/Gamelevel1_outside_house.umap" 540
"../../../../Users/Kacper/Documents/GitHub/DES310_Project/Content/Assets/Blueprints/CameraShaking.uasset" 541
"../../../../Users/Kacper/Documents/GitHub/DES310_Project/Content/Assets/Greybox_assets/Greybox_assets_Tree_Birch_foliege.uasset" 542
"../../../../Users/Kacper/Documents/GitHub/DES310_Project/Content/Assets/Greybox_assets/Greybox_assets_Tree_oak_foliege.uasset" 543
"../../../../Users/Kacper/Documents/GitHub/DES310_Project/Content/Assets/Greybox_assets/Greybox_assets_Tree_sprouce1_foliege.uasset" 544
"../../../../Users/Kacper/Documents/GitHub/DES310_Project/Content/Assets/Greybox_assets/Greybox_assets_Tree_sprouce2.uasset" 545
"../../../../Users/Kacper/Documents/GitHub/DES310_Project/Content/Assets/Greybox_assets/Greybox_assets_Tree_sprouce2_foliege.uasset" 546
"../../../../Users/Kacper/Documents/GitHub/DES310_Project/Content/Assets/Landscape/Functions/Beach_LayerInfo2.uasset" 547
"../../../../Users/Kacper/Documents/GitHub/DES310_Project/Content/Assets/Landscape/Functions/Cliff_LayerInfo2.uasset" 548
"../../../../Users/Kacper/Documents/GitHub/DES310_Project/Content/Assets/Landscape/Functions/dirt-beach_LayerInfo2.uasset" 549
"../../../../Users/Kacper/Documents/GitHub/DES310_Project/Content/Assets/Landscape/Functions/Dirt_LayerInfo2.uasset" 550
"../../../../Users/Kacper/Documents/GitHub/DES310_Project/Content/Assets/Landscape/Functions/Grass_LayerInfo2.uasset" 551
"../../../../Users/Kacper/Documents/GitHub/DES310_Project/Content/Assets/Landscape/Functions/Rock_LayerInfo2.uasset" 552
"../../../../Users/Kacper/Documents/GitHub/DES310_Project/Content/Assets/Landscape/Functions/Rockcave_LayerInfo2.uasset" 553
"../../../../Users/Kacper/Documents/GitHub/DES310_Project/Content/Assets/Landscape/Functions/Water_LayerInfo2.uasset" 554
"../../../../Users/Kacper/Documents/GitHub/DES310_Project/Content/Assets/Landscape/Landscape_material_01_Level2.uasset" 555
"../../../../Users/Kacper/Documents/GitHub/DES310_Project/Content/Assets/Greybox_assets/Greybox_assets_fish.uasset" 556
"../../../../Users/Kacper/Documents/GitHub/DES310_Project/Content/Assets/Greybox_assets/Greybox_assets_rock_cliff.uasset" 557
"../../../../Users/Kacper/Documents/GitHub/DES310_Project/Content/Assets/Greybox_assets/Greybox_assets_rock_crystal.uasset" 558
"../../../../Users/Kacper/Documents/GitHub/DES310_Project/Content/Assets/Greybox_assets/Greybox_assets_rock_formation.uasset" 559
"../../../../Users/Kacper/Documents/GitHub/DES310_Project/Content/Assets/Greybox_assets/Greybox_assets_ruin.uasset" 560
"../../../../Users/Kacper/Documents/GitHub/DES310_Project/Content/Assets/Greybox_assets/Greybox_assets_tree_log_bridge.uasset" 561
"../../../../Users/Kacper/Documents/GitHub/DES310_Project/Content/Assets/Greybox_assets/Greybox_assets_Tree_stump.uasset" 562
"../../../../Users/Kacper/Documents/GitHub/DES310_Project/Content/Assets/Greybox_assets/Greybox_assets_VS_barrel.uasset" 563
"../../../../Users/Kacper/Documents/GitHub/DES310_Project/Content/Assets/Greybox_assets/Greybox_assets_VS_well.uasset" 564
"../../../../Users/Kacper/Documents/GitHub/DES310_Project/Content/Assets/Meshes/Tree_Bridge.uasset" 565
"../../../../Users/Kacper/Documents/GitHub/DES310_Project/Content/Levels/Gamelevel2_forrest_path.umap" 566
"../../../../Users/Kacper/Documents/GitHub/DES310_Project/Content/Assets/Blueprints/Spirits/SpiritBlue.uasset" 567
"../../../../Users/Kacper/Documents/GitHub/DES310_Project/Content/Assets/Landscape/Functions/Beach_LayerInfo3.uasset" 568
"../../../../Users/Kacper/Documents/GitHub/DES310_Project/Content/Assets/Landscape/Functions/Cliff_LayerInfo3.uasset" 569
"../../../../Users/Kacper/Documents/GitHub/DES310_Project/Content/Assets/Landscape/Functions/dirt-beach_LayerInfo3.uasset" 570
"../../../../Users/Kacper/Documents/GitHub/DES310_Project/Content/Assets/Landscape/Functions/Dirt_LayerInfo3.uasset" 571
"../../../../Users/Kacper/Documents/GitHub/DES310_Project/Content/Assets/Landscape/Functions/Grass_LayerInfo3.uasset" 572
"../../../../Users/Kacper/Documents/GitHub/DES310_Project/Content/Assets/Landscape/Functions/Rock_LayerInfo3.uasset" 573
"../../../../Users/Kacper/Documents/GitHub/DES310_Project/Content/Assets/Landscape/Functions/Rockcave_LayerInfo3.uasset" 574
"../../../../Users/Kacper/Documents/GitHub/DES310_Project/Content/Assets/Landscape/Functions/Water_LayerInfo3.uasset" 575
"../../../../Users/Kacper/Documents/GitHub/DES310_Project/Content/Assets/Landscape/Landscape_material_01_Level3.uasset" 576
"../../../../Users/Kacper/Documents/GitHub/DES310_Project/Content/Assets/Greybox_assets/Greybox_assets_VS_lamp.uasset" 577
"../../../../Users/Kacper/Documents/GitHub/DES310_Project/Content/Levels/Gamelevel3_bee_village.umap" 578
"../../../../Users/Kacper/Documents/GitHub/DES310_Project/Content/Levels/NewMap_BuiltData.uasset" 579
"../../../Engine/Content/BasicShapes/Cone.uasset" 580
"../../../../Users/Kacper/Documents/GitHub/DES310_Project/Content/Levels/NewMap.umap" 581
"../../../../Users/Kacper/Documents/GitHub/DES310_Project/Content/Blueprints/BuildPuzzle.uasset" 582
"../../../../Users/Kacper/Documents/GitHub/DES310_Project/Content/Blueprints/Cube2_Blueprint.uasset" 583
"../../../../Users/Kacper/Documents/GitHub/DES310_Project/Content/Levels/PickupPuzzle_BuiltData.uasset" 584
"../../../../Users/Kacper/Documents/GitHub/DES310_Project/Content/Levels/PickupPuzzle.umap" 585
"../../../../Users/Kacper/Documents/GitHub/DES310_Project/Content/Assets/Blueprints/HUD_UI/menuModes/BP_menuController.uasset" 586
"../../../../Users/Kacper/Documents/GitHub/DES310_Project/Content/Assets/Blueprints/HUD_UI/menuModes/BP_menuMode.uasset" 587
"../../../../Users/Kacper/Documents/GitHub/DES310_Project/Content/Assets/Pictures/Help_Keyboard_Memes.uasset" 588
"../../../../Users/Kacper/Documents/GitHub/DES310_Project/Content/Assets/Blueprints/HUD_UI/BP_controlMenu.uasset" 589
"../../../../Users/Kacper/Documents/GitHub/DES310_Project/Content/Levels/gameStates/controlsMenu.umap" 590
"../../../../Users/Kacper/Documents/GitHub/DES310_Project/Content/Assets/Pictures/FoxliteTitleFont.uasset" 591
"../../../../Users/Kacper/Documents/GitHub/DES310_Project/Content/Assets/Pictures/FoxliteTitleFont_Font.uasset" 592
"../../../../Users/Kacper/Documents/GitHub/DES310_Project/Content/Assets/Pictures/SS_with_greybox_5.uasset" 593
"../../../../Users/Kacper/Documents/GitHub/DES310_Project/Content/Assets/Blueprints/HUD_UI/BP_mainMenu.uasset" 594
"../../../../Users/Kacper/Documents/GitHub/DES310_Project/Content/Levels/gameStates/mainMenu.umap" 595
"../../../Engine/Content/Maps/Entry_BuiltData.uasset" 596
"../../../Engine/Content/Maps/Entry.umap" 597
